<?xml version="1.0" encoding="UTF-8"?>
<!-- Generated by org.testng.reporters.JUnitReportReporter -->
<testsuite hostname="Sinchana" failures="0" tests="1" name="Sinchana.ExtentReportss" time="11.254" errors="0" timestamp="2024-06-11T17:54:29 IST" skipped="0">
  <testcase classname="Sinchana.ExtentReportss" name="initializeDriver" time="11.254"/>
</testsuite> <!-- Sinchana.ExtentReportss -->
