<?xml version="1.0" encoding="UTF-8"?>
<!-- Generated by org.testng.reporters.JUnitReportReporter -->
<testsuite hostname="Sinchana" failures="0" tests="1" name="Sinchana.FlipkartTest" time="19.610" errors="0" timestamp="2024-07-02T14:33:49 IST" skipped="0">
  <testcase classname="Sinchana.FlipkartTest" name="testProduct" time="19.610"/>
</testsuite> <!-- Sinchana.FlipkartTest -->
